# JRE version: Java(TM) SE Runtime Environment (21.0.5+9) (build 21.0.5+9-LTS-239)
# Java VM: Java HotSpot(TM) 64-Bit Server VM (21.0.5+9-LTS-239, mixed mode, emulated-client, sharing, tiered, compressed oops, compressed class ptrs, g1 gc, windows-amd64)
GC Precious Log:
 CardTable entry size: 512
 Card Set container configuration: InlinePtr #cards 5 size 8 Array Of Cards #cards 12 size 40 Howl #buckets 4 coarsen threshold 1843 Howl Bitmap #cards 512 size 80 coarsen threshold 460 Card regions per heap region 1 cards per card region 2048
 CPUs: 8 total, 8 available
 Memory: 7959M
 Large Page Support: Disabled
 NUMA Support: Disabled
 Compressed Oops: Enabled (32-bit)
 Heap Region Size: 1M
 Heap Min Capacity: 8M
 Heap Initial Capacity: 126M
 Heap Max Capacity: 1990M
 Pre-touch: Disabled
 Parallel Workers: 8
 Concurrent Workers: 2
 Concurrent Refinement Workers: 8
 Periodic GC: Disabled
Heap:
 garbage-first heap   total 130048K, used 69131K [0x0000000083a00000, 0x0000000100000000)
  region size 1024K, 4 young (4096K), 4 survivors (4096K)
 Metaspace       used 68838K, committed 69760K, reserved 1114112K
  class space    used 9569K, committed 9984K, reserved 1048576K
GC Heap History (20 events):
Event: 8.516 GC heap after
{Heap after GC invocations=12 (full 0):
 garbage-first heap   total 66560K, used 26407K [0x0000000083a00000, 0x0000000100000000)
  region size 1024K, 3 young (3072K), 3 survivors (3072K)
 Metaspace       used 58248K, committed 58880K, reserved 1114112K
  class space    used 8093K, committed 8384K, reserved 1048576K
}
Event: 11.900 GC heap before
{Heap before GC invocations=13 (full 0):
 garbage-first heap   total 66560K, used 58151K [0x0000000083a00000, 0x0000000100000000)
  region size 1024K, 34 young (34816K), 3 survivors (3072K)
 Metaspace       used 63165K, committed 63872K, reserved 1114112K
  class space    used 8785K, committed 9088K, reserved 1048576K
}
Event: 11.907 GC heap after
{Heap after GC invocations=14 (full 0):
 garbage-first heap   total 66560K, used 28881K [0x0000000083a00000, 0x0000000100000000)
  region size 1024K, 5 young (5120K), 5 survivors (5120K)
 Metaspace       used 63165K, committed 63872K, reserved 1114112K
  class space    used 8785K, committed 9088K, reserved 1048576K
}
Event: 12.721 GC heap before
{Heap before GC invocations=14 (full 0):
 garbage-first heap   total 66560K, used 55505K [0x0000000083a00000, 0x0000000100000000)
  region size 1024K, 32 young (32768K), 5 survivors (5120K)
 Metaspace       used 66180K, committed 66944K, reserved 1114112K
  class space    used 9178K, committed 9536K, reserved 1048576K
}
Event: 12.730 GC heap after
{Heap after GC invocations=15 (full 0):
 garbage-first heap   total 66560K, used 32171K [0x0000000083a00000, 0x0000000100000000)
  region size 1024K, 4 young (4096K), 4 survivors (4096K)
 Metaspace       used 66180K, committed 66944K, reserved 1114112K
  class space    used 9178K, committed 9536K, reserved 1048576K
}
Event: 12.825 GC heap before
{Heap before GC invocations=15 (full 0):
 garbage-first heap   total 66560K, used 46507K [0x0000000083a00000, 0x0000000100000000)
  region size 1024K, 20 young (20480K), 4 survivors (4096K)
 Metaspace       used 66181K, committed 66944K, reserved 1114112K
  class space    used 9178K, committed 9536K, reserved 1048576K
}
Event: 12.831 GC heap after
{Heap after GC invocations=16 (full 0):
 garbage-first heap   total 66560K, used 35103K [0x0000000083a00000, 0x0000000100000000)
  region size 1024K, 4 young (4096K), 4 survivors (4096K)
 Metaspace       used 66181K, committed 66944K, reserved 1114112K
  class space    used 9178K, committed 9536K, reserved 1048576K
}
Event: 12.956 GC heap before
{Heap before GC invocations=17 (full 0):
 garbage-first heap   total 80896K, used 58655K [0x0000000083a00000, 0x0000000100000000)
  region size 1024K, 25 young (25600K), 4 survivors (4096K)
 Metaspace       used 66183K, committed 67008K, reserved 1114112K
  class space    used 9181K, committed 9600K, reserved 1048576K
}
Event: 12.963 GC heap after
{Heap after GC invocations=18 (full 0):
 garbage-first heap   total 80896K, used 40884K [0x0000000083a00000, 0x0000000100000000)
  region size 1024K, 4 young (4096K), 4 survivors (4096K)
 Metaspace       used 66183K, committed 67008K, reserved 1114112K
  class space    used 9181K, committed 9600K, reserved 1048576K
}
Event: 13.123 GC heap before
{Heap before GC invocations=18 (full 0):
 garbage-first heap   total 80896K, used 68532K [0x0000000083a00000, 0x0000000100000000)
  region size 1024K, 30 young (30720K), 4 survivors (4096K)
 Metaspace       used 66233K, committed 67072K, reserved 1114112K
  class space    used 9193K, committed 9600K, reserved 1048576K
}
Event: 13.130 GC heap after
{Heap after GC invocations=19 (full 0):
 garbage-first heap   total 109568K, used 49371K [0x0000000083a00000, 0x0000000100000000)
  region size 1024K, 4 young (4096K), 4 survivors (4096K)
 Metaspace       used 66233K, committed 67072K, reserved 1114112K
  class space    used 9193K, committed 9600K, reserved 1048576K
}
Event: 13.355 GC heap before
{Heap before GC invocations=19 (full 0):
 garbage-first heap   total 109568K, used 87259K [0x0000000083a00000, 0x0000000100000000)
  region size 1024K, 42 young (43008K), 4 survivors (4096K)
 Metaspace       used 66271K, committed 67072K, reserved 1114112K
  class space    used 9203K, committed 9600K, reserved 1048576K
}
Event: 13.362 GC heap after
{Heap after GC invocations=20 (full 0):
 garbage-first heap   total 109568K, used 56320K [0x0000000083a00000, 0x0000000100000000)
  region size 1024K, 6 young (6144K), 6 survivors (6144K)
 Metaspace       used 66271K, committed 67072K, reserved 1114112K
  class space    used 9203K, committed 9600K, reserved 1048576K
}
Event: 13.368 GC heap before
{Heap before GC invocations=20 (full 0):
 garbage-first heap   total 109568K, used 57344K [0x0000000083a00000, 0x0000000100000000)
  region size 1024K, 8 young (8192K), 6 survivors (6144K)
 Metaspace       used 66271K, committed 67072K, reserved 1114112K
  class space    used 9203K, committed 9600K, reserved 1048576K
}
Event: 13.372 GC heap after
{Heap after GC invocations=21 (full 0):
 garbage-first heap   total 109568K, used 58080K [0x0000000083a00000, 0x0000000100000000)
  region size 1024K, 1 young (1024K), 1 survivors (1024K)
 Metaspace       used 66271K, committed 67072K, reserved 1114112K
  class space    used 9203K, committed 9600K, reserved 1048576K
}
Event: 13.554 GC heap before
{Heap before GC invocations=22 (full 0):
 garbage-first heap   total 109568K, used 89824K [0x0000000083a00000, 0x0000000100000000)
  region size 1024K, 34 young (34816K), 1 survivors (1024K)
 Metaspace       used 66271K, committed 67072K, reserved 1114112K
  class space    used 9203K, committed 9600K, reserved 1048576K
}
Event: 13.559 GC heap after
{Heap after GC invocations=23 (full 0):
 garbage-first heap   total 109568K, used 63641K [0x0000000083a00000, 0x0000000100000000)
  region size 1024K, 5 young (5120K), 5 survivors (5120K)
 Metaspace       used 66271K, committed 67072K, reserved 1114112K
  class space    used 9203K, committed 9600K, reserved 1048576K
}
Event: 13.642 GC heap before
{Heap before GC invocations=23 (full 0):
 garbage-first heap   total 109568K, used 92313K [0x0000000083a00000, 0x0000000100000000)
  region size 1024K, 32 young (32768K), 5 survivors (5120K)
 Metaspace       used 66271K, committed 67072K, reserved 1114112K
  class space    used 9203K, committed 9600K, reserved 1048576K
}
Event: 13.649 GC heap after
{Heap after GC invocations=24 (full 0):
 garbage-first heap   total 109568K, used 63708K [0x0000000083a00000, 0x0000000100000000)
  region size 1024K, 4 young (4096K), 4 survivors (4096K)
 Metaspace       used 66271K, committed 67072K, reserved 1114112K
  class space    used 9203K, committed 9600K, reserved 1048576K
}
Event: 14.123 GC heap before
{Heap before GC invocations=24 (full 0):
 garbage-first heap   total 109568K, used 90332K [0x0000000083a00000, 0x0000000100000000)
  region size 1024K, 31 young (31744K), 4 survivors (4096K)
 Metaspace       used 68838K, committed 69760K, reserved 1114112K
  class space    used 9569K, committed 9984K, reserved 1048576K
}

